<?xml version="1.0" encoding="UTF-8"?>
<coverage generated="1714153781155" clover="3.2.0">
  <project timestamp="1714153781155" name="All files">
    <metrics statements="3" coveredstatements="3" conditionals="0" coveredconditionals="0" methods="2" coveredmethods="2" elements="5" coveredelements="5" complexity="0" loc="3" ncloc="3" packages="1" files="2" classes="2"/>
    <file name="Contact.js" path="G:\Courses_and_Books\React_By_Akshay_Saini\React_Assignments\Lecture_13\code\src\components\Contact.js">
      <metrics statements="2" coveredstatements="2" conditionals="0" coveredconditionals="0" methods="1" coveredmethods="1"/>
      <line num="3" count="1" type="stmt"/>
      <line num="4" count="4" type="stmt"/>
    </file>
    <file name="sum.js" path="G:\Courses_and_Books\React_By_Akshay_Saini\React_Assignments\Lecture_13\code\src\components\sum.js">
      <metrics statements="1" coveredstatements="1" conditionals="0" coveredconditionals="0" methods="1" coveredmethods="1"/>
      <line num="1" count="1" type="stmt"/>
    </file>
  </project>
</coverage>
